<?xml version="1.0" encoding="UTF-8"?>
<!-- Generated by org.testng.reporters.JUnitReportReporter -->
<testsuite hostname="Sai-Badisa" failures="0" tests="1" name="com.Bunnycart.TestRunner.CreateAccountTestRunner" time="20.795" errors="0" timestamp="2025-03-22T12:05:54 IST" skipped="0">
  <testcase classname="com.Bunnycart.TestRunner.CreateAccountTestRunner" name="runScenario" time="20.795"/>
</testsuite> <!-- com.Bunnycart.TestRunner.CreateAccountTestRunner -->
