<?xml version="1.0" encoding="UTF-8"?>
<!-- Generated by org.testng.reporters.JUnitReportReporter -->
<testsuite hostname="Sai-Badisa" failures="0" tests="1" name="com.Bunnycart.TestRunner.CreateAccountTestRunner" time="26.540" errors="0" timestamp="2025-03-25T01:04:20 IST" skipped="0">
  <testcase classname="com.Bunnycart.TestRunner.CreateAccountTestRunner" name="runScenario" time="26.540"/>
</testsuite> <!-- com.Bunnycart.TestRunner.CreateAccountTestRunner -->
