<?xml version="1.0" encoding="UTF-8"?>
<!-- Generated by org.testng.reporters.JUnitReportReporter -->
<testsuite hostname="Sai-Badisa" failures="0" tests="1" name="com.Bunnycart.TestRunner.AddToCartTestRunner" time="39.839" errors="0" timestamp="2025-03-25T01:04:20 IST" skipped="0">
  <testcase classname="com.Bunnycart.TestRunner.AddToCartTestRunner" name="runScenario" time="39.839"/>
</testsuite> <!-- com.Bunnycart.TestRunner.AddToCartTestRunner -->
