<?xml version="1.0" encoding="UTF-8"?>
<!-- Generated by org.testng.reporters.JUnitReportReporter -->
<testsuite hostname="Sai-Badisa" failures="0" tests="1" name="com.Bunnycart.TestRunner.AddMultipleProductsToCartTestRunner" time="59.613" errors="0" timestamp="2025-03-25T01:04:20 IST" skipped="0">
  <testcase classname="com.Bunnycart.TestRunner.AddMultipleProductsToCartTestRunner" name="runScenario" time="59.613"/>
</testsuite> <!-- com.Bunnycart.TestRunner.AddMultipleProductsToCartTestRunner -->
