<?xml version="1.0" encoding="UTF-8"?>
<!-- Generated by org.testng.reporters.JUnitReportReporter -->
<testsuite hostname="Sai-Badisa" failures="0" tests="2" name="com.Bunnycart.TestRunner.SignInTestRunner" time="48.882" errors="0" timestamp="2025-03-25T01:04:20 IST" skipped="0">
  <testcase classname="com.Bunnycart.TestRunner.SignInTestRunner" name="runScenario" time="29.016"/>
  <testcase classname="com.Bunnycart.TestRunner.SignInTestRunner" name="runScenario" time="19.866"/>
</testsuite> <!-- com.Bunnycart.TestRunner.SignInTestRunner -->
