<?xml version="1.0" encoding="UTF-8"?>
<testsuite xmlns:xsi="http://www.w3.org/2001/XMLSchema-instance" xsi:noNamespaceSchemaLocation="https://maven.apache.org/surefire/maven-surefire-plugin/xsd/surefire-test-report-3.0.xsd" version="3.0" name="TestSuite" time="244.557" tests="6" errors="0" skipped="0" failures="0">
  <properties>
    <property name="java.specification.version" value="23"/>
    <property name="sun.cpu.isalist" value="amd64"/>
    <property name="sun.jnu.encoding" value="Cp1252"/>
    <property name="testng.Skipped" value="0"/>
    <property name="java.class.path" value="C:\Users\badis\eclipse-workspace\BunnyCartApp\target\test-classes;C:\Users\badis\eclipse-workspace\BunnyCartApp\target\classes;C:\Users\badis\.m2\repository\io\cucumber\cucumber-java\7.21.1\cucumber-java-7.21.1.jar;C:\Users\badis\.m2\repository\org\apiguardian\apiguardian-api\1.1.2\apiguardian-api-1.1.2.jar;C:\Users\badis\.m2\repository\io\cucumber\cucumber-picocontainer\7.21.1\cucumber-picocontainer-7.21.1.jar;C:\Users\badis\.m2\repository\org\picocontainer\picocontainer\2.15\picocontainer-2.15.jar;C:\Users\badis\.m2\repository\io\cucumber\cucumber-core\7.21.1\cucumber-core-7.21.1.jar;C:\Users\badis\.m2\repository\io\cucumber\cucumber-gherkin-messages\7.21.1\cucumber-gherkin-messages-7.21.1.jar;C:\Users\badis\.m2\repository\io\cucumber\gherkin\31.0.0\gherkin-31.0.0.jar;C:\Users\badis\.m2\repository\io\cucumber\messages\27.2.0\messages-27.2.0.jar;C:\Users\badis\.m2\repository\io\cucumber\testng-xml-formatter\0.3.1\testng-xml-formatter-0.3.1.jar;C:\Users\badis\.m2\repository\io\cucumber\query\13.2.0\query-13.2.0.jar;C:\Users\badis\.m2\repository\io\cucumber\tag-expressions\6.1.2\tag-expressions-6.1.2.jar;C:\Users\badis\.m2\repository\io\cucumber\cucumber-expressions\18.0.1\cucumber-expressions-18.0.1.jar;C:\Users\badis\.m2\repository\io\cucumber\datatable\7.21.1\datatable-7.21.1.jar;C:\Users\badis\.m2\repository\io\cucumber\cucumber-plugin\7.21.1\cucumber-plugin-7.21.1.jar;C:\Users\badis\.m2\repository\io\cucumber\docstring\7.21.1\docstring-7.21.1.jar;C:\Users\badis\.m2\repository\io\cucumber\html-formatter\21.9.0\html-formatter-21.9.0.jar;C:\Users\badis\.m2\repository\io\cucumber\junit-xml-formatter\0.7.1\junit-xml-formatter-0.7.1.jar;C:\Users\badis\.m2\repository\io\cucumber\ci-environment\10.0.1\ci-environment-10.0.1.jar;C:\Users\badis\.m2\repository\io\cucumber\cucumber-testng\7.21.1\cucumber-testng-7.21.1.jar;C:\Users\badis\.m2\repository\org\testng\testng\7.10.2\testng-7.10.2.jar;C:\Users\badis\.m2\repository\com\beust\jcommander\1.82\jcommander-1.82.jar;C:\Users\badis\.m2\repository\org\webjars\jquery\3.7.1\jquery-3.7.1.jar;C:\Users\badis\.m2\repository\io\cucumber\cucumber-gherkin\7.21.1\cucumber-gherkin-7.21.1.jar;C:\Users\badis\.m2\repository\org\seleniumhq\selenium\selenium-java\4.29.0\selenium-java-4.29.0.jar;C:\Users\badis\.m2\repository\org\seleniumhq\selenium\selenium-api\4.29.0\selenium-api-4.29.0.jar;C:\Users\badis\.m2\repository\org\jspecify\jspecify\1.0.0\jspecify-1.0.0.jar;C:\Users\badis\.m2\repository\org\seleniumhq\selenium\selenium-chrome-driver\4.29.0\selenium-chrome-driver-4.29.0.jar;C:\Users\badis\.m2\repository\com\google\auto\service\auto-service-annotations\1.1.1\auto-service-annotations-1.1.1.jar;C:\Users\badis\.m2\repository\org\seleniumhq\selenium\selenium-chromium-driver\4.29.0\selenium-chromium-driver-4.29.0.jar;C:\Users\badis\.m2\repository\org\seleniumhq\selenium\selenium-json\4.29.0\selenium-json-4.29.0.jar;C:\Users\badis\.m2\repository\org\seleniumhq\selenium\selenium-manager\4.29.0\selenium-manager-4.29.0.jar;C:\Users\badis\.m2\repository\org\seleniumhq\selenium\selenium-devtools-v131\4.29.0\selenium-devtools-v131-4.29.0.jar;C:\Users\badis\.m2\repository\org\seleniumhq\selenium\selenium-devtools-v132\4.29.0\selenium-devtools-v132-4.29.0.jar;C:\Users\badis\.m2\repository\org\seleniumhq\selenium\selenium-devtools-v133\4.29.0\selenium-devtools-v133-4.29.0.jar;C:\Users\badis\.m2\repository\org\seleniumhq\selenium\selenium-devtools-v85\4.29.0\selenium-devtools-v85-4.29.0.jar;C:\Users\badis\.m2\repository\org\seleniumhq\selenium\selenium-edge-driver\4.29.0\selenium-edge-driver-4.29.0.jar;C:\Users\badis\.m2\repository\org\seleniumhq\selenium\selenium-firefox-driver\4.29.0\selenium-firefox-driver-4.29.0.jar;C:\Users\badis\.m2\repository\org\seleniumhq\selenium\selenium-http\4.29.0\selenium-http-4.29.0.jar;C:\Users\badis\.m2\repository\org\seleniumhq\selenium\selenium-ie-driver\4.29.0\selenium-ie-driver-4.29.0.jar;C:\Users\badis\.m2\repository\org\seleniumhq\selenium\selenium-remote-driver\4.29.0\selenium-remote-driver-4.29.0.jar;C:\Users\badis\.m2\repository\io\opentelemetry\semconv\opentelemetry-semconv\1.28.0-alpha\opentelemetry-semconv-1.28.0-alpha.jar;C:\Users\badis\.m2\repository\io\opentelemetry\opentelemetry-api\1.46.0\opentelemetry-api-1.46.0.jar;C:\Users\badis\.m2\repository\io\opentelemetry\opentelemetry-context\1.46.0\opentelemetry-context-1.46.0.jar;C:\Users\badis\.m2\repository\io\opentelemetry\opentelemetry-exporter-logging\1.46.0\opentelemetry-exporter-logging-1.46.0.jar;C:\Users\badis\.m2\repository\io\opentelemetry\opentelemetry-sdk-common\1.46.0\opentelemetry-sdk-common-1.46.0.jar;C:\Users\badis\.m2\repository\io\opentelemetry\opentelemetry-sdk-extension-autoconfigure-spi\1.46.0\opentelemetry-sdk-extension-autoconfigure-spi-1.46.0.jar;C:\Users\badis\.m2\repository\io\opentelemetry\opentelemetry-sdk-extension-autoconfigure\1.46.0\opentelemetry-sdk-extension-autoconfigure-1.46.0.jar;C:\Users\badis\.m2\repository\io\opentelemetry\opentelemetry-api-incubator\1.46.0-alpha\opentelemetry-api-incubator-1.46.0-alpha.jar;C:\Users\badis\.m2\repository\io\opentelemetry\opentelemetry-sdk-trace\1.46.0\opentelemetry-sdk-trace-1.46.0.jar;C:\Users\badis\.m2\repository\io\opentelemetry\opentelemetry-sdk\1.46.0\opentelemetry-sdk-1.46.0.jar;C:\Users\badis\.m2\repository\io\opentelemetry\opentelemetry-sdk-metrics\1.46.0\opentelemetry-sdk-metrics-1.46.0.jar;C:\Users\badis\.m2\repository\io\opentelemetry\opentelemetry-sdk-logs\1.46.0\opentelemetry-sdk-logs-1.46.0.jar;C:\Users\badis\.m2\repository\net\bytebuddy\byte-buddy\1.15.11\byte-buddy-1.15.11.jar;C:\Users\badis\.m2\repository\org\seleniumhq\selenium\selenium-os\4.29.0\selenium-os-4.29.0.jar;C:\Users\badis\.m2\repository\org\apache\commons\commons-exec\1.4.0\commons-exec-1.4.0.jar;C:\Users\badis\.m2\repository\org\seleniumhq\selenium\selenium-safari-driver\4.29.0\selenium-safari-driver-4.29.0.jar;C:\Users\badis\.m2\repository\org\seleniumhq\selenium\selenium-support\4.29.0\selenium-support-4.29.0.jar;C:\Users\badis\.m2\repository\org\apache\poi\poi\5.4.0\poi-5.4.0.jar;C:\Users\badis\.m2\repository\commons-codec\commons-codec\1.17.1\commons-codec-1.17.1.jar;C:\Users\badis\.m2\repository\org\apache\commons\commons-collections4\4.4\commons-collections4-4.4.jar;C:\Users\badis\.m2\repository\org\apache\commons\commons-math3\3.6.1\commons-math3-3.6.1.jar;C:\Users\badis\.m2\repository\commons-io\commons-io\2.18.0\commons-io-2.18.0.jar;C:\Users\badis\.m2\repository\com\zaxxer\SparseBitSet\1.3\SparseBitSet-1.3.jar;C:\Users\badis\.m2\repository\org\apache\logging\log4j\log4j-api\2.24.3\log4j-api-2.24.3.jar;C:\Users\badis\.m2\repository\org\apache\poi\poi-ooxml\5.4.0\poi-ooxml-5.4.0.jar;C:\Users\badis\.m2\repository\org\apache\poi\poi-ooxml-lite\5.4.0\poi-ooxml-lite-5.4.0.jar;C:\Users\badis\.m2\repository\org\apache\xmlbeans\xmlbeans\5.3.0\xmlbeans-5.3.0.jar;C:\Users\badis\.m2\repository\org\apache\commons\commons-compress\1.27.1\commons-compress-1.27.1.jar;C:\Users\badis\.m2\repository\org\apache\commons\commons-lang3\3.16.0\commons-lang3-3.16.0.jar;C:\Users\badis\.m2\repository\com\github\virtuald\curvesapi\1.08\curvesapi-1.08.jar;C:\Users\badis\.m2\repository\io\qameta\allure\allure-testng\2.29.1\allure-testng-2.29.1.jar;C:\Users\badis\.m2\repository\io\qameta\allure\allure-java-commons\2.29.1\allure-java-commons-2.29.1.jar;C:\Users\badis\.m2\repository\io\qameta\allure\allure-model\2.29.1\allure-model-2.29.1.jar;C:\Users\badis\.m2\repository\io\qameta\allure\allure-test-filter\2.29.1\allure-test-filter-2.29.1.jar;C:\Users\badis\.m2\repository\com\github\sdrss\reportng\2.7.0\reportng-2.7.0.jar;C:\Users\badis\.m2\repository\velocity\velocity\1.5\velocity-1.5.jar;C:\Users\badis\.m2\repository\commons-collections\commons-collections\3.1\commons-collections-3.1.jar;C:\Users\badis\.m2\repository\commons-lang\commons-lang\2.1\commons-lang-2.1.jar;C:\Users\badis\.m2\repository\oro\oro\2.0.8\oro-2.0.8.jar;C:\Users\badis\.m2\repository\com\fasterxml\jackson\core\jackson-core\2.10.1\jackson-core-2.10.1.jar;C:\Users\badis\.m2\repository\com\fasterxml\jackson\core\jackson-databind\2.12.7.1\jackson-databind-2.12.7.1.jar;C:\Users\badis\.m2\repository\com\fasterxml\jackson\core\jackson-annotations\2.10.1\jackson-annotations-2.10.1.jar;C:\Users\badis\.m2\repository\org\slf4j\slf4j-api\1.7.29\slf4j-api-1.7.29.jar;C:\Users\badis\.m2\repository\com\google\inject\guice\7.0.0\guice-7.0.0.jar;C:\Users\badis\.m2\repository\jakarta\inject\jakarta.inject-api\2.0.1\jakarta.inject-api-2.0.1.jar;C:\Users\badis\.m2\repository\aopalliance\aopalliance\1.0\aopalliance-1.0.jar;C:\Users\badis\.m2\repository\com\google\guava\guava\31.0.1-jre\guava-31.0.1-jre.jar;C:\Users\badis\.m2\repository\com\google\guava\failureaccess\1.0.1\failureaccess-1.0.1.jar;C:\Users\badis\.m2\repository\com\google\guava\listenablefuture\9999.0-empty-to-avoid-conflict-with-guava\listenablefuture-9999.0-empty-to-avoid-conflict-with-guava.jar;C:\Users\badis\.m2\repository\com\google\code\findbugs\jsr305\3.0.2\jsr305-3.0.2.jar;C:\Users\badis\.m2\repository\org\checkerframework\checker-qual\3.12.0\checker-qual-3.12.0.jar;C:\Users\badis\.m2\repository\com\google\errorprone\error_prone_annotations\2.7.1\error_prone_annotations-2.7.1.jar;C:\Users\badis\.m2\repository\com\google\j2objc\j2objc-annotations\1.3\j2objc-annotations-1.3.jar;C:\Users\badis\.m2\repository\com\aventstack\extentreports\5.1.2\extentreports-5.1.2.jar;C:\Users\badis\.m2\repository\io\reactivex\rxjava3\rxjava\3.1.6\rxjava-3.1.6.jar;C:\Users\badis\.m2\repository\org\reactivestreams\reactive-streams\1.0.4\reactive-streams-1.0.4.jar;C:\Users\badis\.m2\repository\org\freemarker\freemarker\2.3.32\freemarker-2.3.32.jar;C:\Users\badis\.m2\repository\org\projectlombok\lombok\1.18.26\lombok-1.18.26.jar;C:\Users\badis\.m2\repository\com\google\code\gson\gson\2.10.1\gson-2.10.1.jar;"/>
    <property name="java.vm.vendor" value="Eclipse Adoptium"/>
    <property name="sun.arch.data.model" value="64"/>
    <property name="user.variant" value=""/>
    <property name="java.vendor.url" value="https://adoptium.net/"/>
    <property name="user.timezone" value="Asia/Calcutta"/>
    <property name="os.name" value="Windows 11"/>
    <property name="java.vm.specification.version" value="23"/>
    <property name="sun.java.launcher" value="SUN_STANDARD"/>
    <property name="user.country" value="IN"/>
    <property name="sun.boot.library.path" value="C:\Users\badis\.p2\pool\plugins\org.eclipse.justj.openjdk.hotspot.jre.full.win32.x86_64_23.0.2.v20250131-0604\jre\bin"/>
    <property name="sun.java.command" value="C:\Users\badis\AppData\Local\Temp\surefire12470868593829828052\surefirebooter11543893366944924414.jar C:\Users\badis\AppData\Local\Temp\surefire12470868593829828052 2025-03-24T12-43-41_985-jvmRun1 surefire4233917106033243106tmp surefire_015246660457303779028tmp"/>
    <property name="jdk.debug" value="release"/>
    <property name="surefire.test.class.path" value="C:\Users\badis\eclipse-workspace\BunnyCartApp\target\test-classes;C:\Users\badis\eclipse-workspace\BunnyCartApp\target\classes;C:\Users\badis\.m2\repository\io\cucumber\cucumber-java\7.21.1\cucumber-java-7.21.1.jar;C:\Users\badis\.m2\repository\org\apiguardian\apiguardian-api\1.1.2\apiguardian-api-1.1.2.jar;C:\Users\badis\.m2\repository\io\cucumber\cucumber-picocontainer\7.21.1\cucumber-picocontainer-7.21.1.jar;C:\Users\badis\.m2\repository\org\picocontainer\picocontainer\2.15\picocontainer-2.15.jar;C:\Users\badis\.m2\repository\io\cucumber\cucumber-core\7.21.1\cucumber-core-7.21.1.jar;C:\Users\badis\.m2\repository\io\cucumber\cucumber-gherkin-messages\7.21.1\cucumber-gherkin-messages-7.21.1.jar;C:\Users\badis\.m2\repository\io\cucumber\gherkin\31.0.0\gherkin-31.0.0.jar;C:\Users\badis\.m2\repository\io\cucumber\messages\27.2.0\messages-27.2.0.jar;C:\Users\badis\.m2\repository\io\cucumber\testng-xml-formatter\0.3.1\testng-xml-formatter-0.3.1.jar;C:\Users\badis\.m2\repository\io\cucumber\query\13.2.0\query-13.2.0.jar;C:\Users\badis\.m2\repository\io\cucumber\tag-expressions\6.1.2\tag-expressions-6.1.2.jar;C:\Users\badis\.m2\repository\io\cucumber\cucumber-expressions\18.0.1\cucumber-expressions-18.0.1.jar;C:\Users\badis\.m2\repository\io\cucumber\datatable\7.21.1\datatable-7.21.1.jar;C:\Users\badis\.m2\repository\io\cucumber\cucumber-plugin\7.21.1\cucumber-plugin-7.21.1.jar;C:\Users\badis\.m2\repository\io\cucumber\docstring\7.21.1\docstring-7.21.1.jar;C:\Users\badis\.m2\repository\io\cucumber\html-formatter\21.9.0\html-formatter-21.9.0.jar;C:\Users\badis\.m2\repository\io\cucumber\junit-xml-formatter\0.7.1\junit-xml-formatter-0.7.1.jar;C:\Users\badis\.m2\repository\io\cucumber\ci-environment\10.0.1\ci-environment-10.0.1.jar;C:\Users\badis\.m2\repository\io\cucumber\cucumber-testng\7.21.1\cucumber-testng-7.21.1.jar;C:\Users\badis\.m2\repository\org\testng\testng\7.10.2\testng-7.10.2.jar;C:\Users\badis\.m2\repository\com\beust\jcommander\1.82\jcommander-1.82.jar;C:\Users\badis\.m2\repository\org\webjars\jquery\3.7.1\jquery-3.7.1.jar;C:\Users\badis\.m2\repository\io\cucumber\cucumber-gherkin\7.21.1\cucumber-gherkin-7.21.1.jar;C:\Users\badis\.m2\repository\org\seleniumhq\selenium\selenium-java\4.29.0\selenium-java-4.29.0.jar;C:\Users\badis\.m2\repository\org\seleniumhq\selenium\selenium-api\4.29.0\selenium-api-4.29.0.jar;C:\Users\badis\.m2\repository\org\jspecify\jspecify\1.0.0\jspecify-1.0.0.jar;C:\Users\badis\.m2\repository\org\seleniumhq\selenium\selenium-chrome-driver\4.29.0\selenium-chrome-driver-4.29.0.jar;C:\Users\badis\.m2\repository\com\google\auto\service\auto-service-annotations\1.1.1\auto-service-annotations-1.1.1.jar;C:\Users\badis\.m2\repository\org\seleniumhq\selenium\selenium-chromium-driver\4.29.0\selenium-chromium-driver-4.29.0.jar;C:\Users\badis\.m2\repository\org\seleniumhq\selenium\selenium-json\4.29.0\selenium-json-4.29.0.jar;C:\Users\badis\.m2\repository\org\seleniumhq\selenium\selenium-manager\4.29.0\selenium-manager-4.29.0.jar;C:\Users\badis\.m2\repository\org\seleniumhq\selenium\selenium-devtools-v131\4.29.0\selenium-devtools-v131-4.29.0.jar;C:\Users\badis\.m2\repository\org\seleniumhq\selenium\selenium-devtools-v132\4.29.0\selenium-devtools-v132-4.29.0.jar;C:\Users\badis\.m2\repository\org\seleniumhq\selenium\selenium-devtools-v133\4.29.0\selenium-devtools-v133-4.29.0.jar;C:\Users\badis\.m2\repository\org\seleniumhq\selenium\selenium-devtools-v85\4.29.0\selenium-devtools-v85-4.29.0.jar;C:\Users\badis\.m2\repository\org\seleniumhq\selenium\selenium-edge-driver\4.29.0\selenium-edge-driver-4.29.0.jar;C:\Users\badis\.m2\repository\org\seleniumhq\selenium\selenium-firefox-driver\4.29.0\selenium-firefox-driver-4.29.0.jar;C:\Users\badis\.m2\repository\org\seleniumhq\selenium\selenium-http\4.29.0\selenium-http-4.29.0.jar;C:\Users\badis\.m2\repository\org\seleniumhq\selenium\selenium-ie-driver\4.29.0\selenium-ie-driver-4.29.0.jar;C:\Users\badis\.m2\repository\org\seleniumhq\selenium\selenium-remote-driver\4.29.0\selenium-remote-driver-4.29.0.jar;C:\Users\badis\.m2\repository\io\opentelemetry\semconv\opentelemetry-semconv\1.28.0-alpha\opentelemetry-semconv-1.28.0-alpha.jar;C:\Users\badis\.m2\repository\io\opentelemetry\opentelemetry-api\1.46.0\opentelemetry-api-1.46.0.jar;C:\Users\badis\.m2\repository\io\opentelemetry\opentelemetry-context\1.46.0\opentelemetry-context-1.46.0.jar;C:\Users\badis\.m2\repository\io\opentelemetry\opentelemetry-exporter-logging\1.46.0\opentelemetry-exporter-logging-1.46.0.jar;C:\Users\badis\.m2\repository\io\opentelemetry\opentelemetry-sdk-common\1.46.0\opentelemetry-sdk-common-1.46.0.jar;C:\Users\badis\.m2\repository\io\opentelemetry\opentelemetry-sdk-extension-autoconfigure-spi\1.46.0\opentelemetry-sdk-extension-autoconfigure-spi-1.46.0.jar;C:\Users\badis\.m2\repository\io\opentelemetry\opentelemetry-sdk-extension-autoconfigure\1.46.0\opentelemetry-sdk-extension-autoconfigure-1.46.0.jar;C:\Users\badis\.m2\repository\io\opentelemetry\opentelemetry-api-incubator\1.46.0-alpha\opentelemetry-api-incubator-1.46.0-alpha.jar;C:\Users\badis\.m2\repository\io\opentelemetry\opentelemetry-sdk-trace\1.46.0\opentelemetry-sdk-trace-1.46.0.jar;C:\Users\badis\.m2\repository\io\opentelemetry\opentelemetry-sdk\1.46.0\opentelemetry-sdk-1.46.0.jar;C:\Users\badis\.m2\repository\io\opentelemetry\opentelemetry-sdk-metrics\1.46.0\opentelemetry-sdk-metrics-1.46.0.jar;C:\Users\badis\.m2\repository\io\opentelemetry\opentelemetry-sdk-logs\1.46.0\opentelemetry-sdk-logs-1.46.0.jar;C:\Users\badis\.m2\repository\net\bytebuddy\byte-buddy\1.15.11\byte-buddy-1.15.11.jar;C:\Users\badis\.m2\repository\org\seleniumhq\selenium\selenium-os\4.29.0\selenium-os-4.29.0.jar;C:\Users\badis\.m2\repository\org\apache\commons\commons-exec\1.4.0\commons-exec-1.4.0.jar;C:\Users\badis\.m2\repository\org\seleniumhq\selenium\selenium-safari-driver\4.29.0\selenium-safari-driver-4.29.0.jar;C:\Users\badis\.m2\repository\org\seleniumhq\selenium\selenium-support\4.29.0\selenium-support-4.29.0.jar;C:\Users\badis\.m2\repository\org\apache\poi\poi\5.4.0\poi-5.4.0.jar;C:\Users\badis\.m2\repository\commons-codec\commons-codec\1.17.1\commons-codec-1.17.1.jar;C:\Users\badis\.m2\repository\org\apache\commons\commons-collections4\4.4\commons-collections4-4.4.jar;C:\Users\badis\.m2\repository\org\apache\commons\commons-math3\3.6.1\commons-math3-3.6.1.jar;C:\Users\badis\.m2\repository\commons-io\commons-io\2.18.0\commons-io-2.18.0.jar;C:\Users\badis\.m2\repository\com\zaxxer\SparseBitSet\1.3\SparseBitSet-1.3.jar;C:\Users\badis\.m2\repository\org\apache\logging\log4j\log4j-api\2.24.3\log4j-api-2.24.3.jar;C:\Users\badis\.m2\repository\org\apache\poi\poi-ooxml\5.4.0\poi-ooxml-5.4.0.jar;C:\Users\badis\.m2\repository\org\apache\poi\poi-ooxml-lite\5.4.0\poi-ooxml-lite-5.4.0.jar;C:\Users\badis\.m2\repository\org\apache\xmlbeans\xmlbeans\5.3.0\xmlbeans-5.3.0.jar;C:\Users\badis\.m2\repository\org\apache\commons\commons-compress\1.27.1\commons-compress-1.27.1.jar;C:\Users\badis\.m2\repository\org\apache\commons\commons-lang3\3.16.0\commons-lang3-3.16.0.jar;C:\Users\badis\.m2\repository\com\github\virtuald\curvesapi\1.08\curvesapi-1.08.jar;C:\Users\badis\.m2\repository\io\qameta\allure\allure-testng\2.29.1\allure-testng-2.29.1.jar;C:\Users\badis\.m2\repository\io\qameta\allure\allure-java-commons\2.29.1\allure-java-commons-2.29.1.jar;C:\Users\badis\.m2\repository\io\qameta\allure\allure-model\2.29.1\allure-model-2.29.1.jar;C:\Users\badis\.m2\repository\io\qameta\allure\allure-test-filter\2.29.1\allure-test-filter-2.29.1.jar;C:\Users\badis\.m2\repository\com\github\sdrss\reportng\2.7.0\reportng-2.7.0.jar;C:\Users\badis\.m2\repository\velocity\velocity\1.5\velocity-1.5.jar;C:\Users\badis\.m2\repository\commons-collections\commons-collections\3.1\commons-collections-3.1.jar;C:\Users\badis\.m2\repository\commons-lang\commons-lang\2.1\commons-lang-2.1.jar;C:\Users\badis\.m2\repository\oro\oro\2.0.8\oro-2.0.8.jar;C:\Users\badis\.m2\repository\com\fasterxml\jackson\core\jackson-core\2.10.1\jackson-core-2.10.1.jar;C:\Users\badis\.m2\repository\com\fasterxml\jackson\core\jackson-databind\2.12.7.1\jackson-databind-2.12.7.1.jar;C:\Users\badis\.m2\repository\com\fasterxml\jackson\core\jackson-annotations\2.10.1\jackson-annotations-2.10.1.jar;C:\Users\badis\.m2\repository\org\slf4j\slf4j-api\1.7.29\slf4j-api-1.7.29.jar;C:\Users\badis\.m2\repository\com\google\inject\guice\7.0.0\guice-7.0.0.jar;C:\Users\badis\.m2\repository\jakarta\inject\jakarta.inject-api\2.0.1\jakarta.inject-api-2.0.1.jar;C:\Users\badis\.m2\repository\aopalliance\aopalliance\1.0\aopalliance-1.0.jar;C:\Users\badis\.m2\repository\com\google\guava\guava\31.0.1-jre\guava-31.0.1-jre.jar;C:\Users\badis\.m2\repository\com\google\guava\failureaccess\1.0.1\failureaccess-1.0.1.jar;C:\Users\badis\.m2\repository\com\google\guava\listenablefuture\9999.0-empty-to-avoid-conflict-with-guava\listenablefuture-9999.0-empty-to-avoid-conflict-with-guava.jar;C:\Users\badis\.m2\repository\com\google\code\findbugs\jsr305\3.0.2\jsr305-3.0.2.jar;C:\Users\badis\.m2\repository\org\checkerframework\checker-qual\3.12.0\checker-qual-3.12.0.jar;C:\Users\badis\.m2\repository\com\google\errorprone\error_prone_annotations\2.7.1\error_prone_annotations-2.7.1.jar;C:\Users\badis\.m2\repository\com\google\j2objc\j2objc-annotations\1.3\j2objc-annotations-1.3.jar;C:\Users\badis\.m2\repository\com\aventstack\extentreports\5.1.2\extentreports-5.1.2.jar;C:\Users\badis\.m2\repository\io\reactivex\rxjava3\rxjava\3.1.6\rxjava-3.1.6.jar;C:\Users\badis\.m2\repository\org\reactivestreams\reactive-streams\1.0.4\reactive-streams-1.0.4.jar;C:\Users\badis\.m2\repository\org\freemarker\freemarker\2.3.32\freemarker-2.3.32.jar;C:\Users\badis\.m2\repository\org\projectlombok\lombok\1.18.26\lombok-1.18.26.jar;C:\Users\badis\.m2\repository\com\google\code\gson\gson\2.10.1\gson-2.10.1.jar;"/>
    <property name="sun.cpu.endian" value="little"/>
    <property name="user.home" value="C:\Users\badis"/>
    <property name="user.language" value="en"/>
    <property name="java.specification.vendor" value="Oracle Corporation"/>
    <property name="java.version.date" value="2025-01-21"/>
    <property name="java.home" value="C:\Users\badis\.p2\pool\plugins\org.eclipse.justj.openjdk.hotspot.jre.full.win32.x86_64_23.0.2.v20250131-0604\jre"/>
    <property name="file.separator" value="\"/>
    <property name="basedir" value="C:\Users\badis\eclipse-workspace\BunnyCartApp"/>
    <property name="style.color" value="always"/>
    <property name="java.vm.compressedOopsMode" value="32-bit"/>
    <property name="line.separator" value="&#10;"/>
    <property name="testng.Failed" value="0"/>
    <property name="java.vm.specification.vendor" value="Oracle Corporation"/>
    <property name="java.specification.name" value="Java Platform API Specification"/>
    <property name="surefire.real.class.path" value="C:\Users\badis\AppData\Local\Temp\surefire12470868593829828052\surefirebooter11543893366944924414.jar"/>
    <property name="user.script" value=""/>
    <property name="sun.management.compiler" value="HotSpot 64-Bit Tiered Compilers"/>
    <property name="java.runtime.version" value="23.0.2+7"/>
    <property name="user.name" value="badis"/>
    <property name="stdout.encoding" value="Cp1252"/>
    <property name="path.separator" value=";"/>
    <property name="os.version" value="10.0"/>
    <property name="testng.KnownDefect" value="0"/>
    <property name="java.runtime.name" value="OpenJDK Runtime Environment"/>
    <property name="file.encoding" value="UTF-8"/>
    <property name="testng.Fixed" value="0"/>
    <property name="java.vm.name" value="OpenJDK 64-Bit Server VM"/>
    <property name="java.vendor.version" value="Temurin-23.0.2+7"/>
    <property name="localRepository" value="C:\Users\badis\.m2\repository"/>
    <property name="java.vendor.url.bug" value="https://github.com/adoptium/adoptium-support/issues"/>
    <property name="java.io.tmpdir" value="C:\Users\badis\AppData\Local\Temp\"/>
    <property name="java.version" value="23.0.2"/>
    <property name="user.dir" value="C:\Users\badis\eclipse-workspace\BunnyCartApp"/>
    <property name="os.arch" value="amd64"/>
    <property name="java.vm.specification.name" value="Java Virtual Machine Specification"/>
    <property name="sun.os.patch.level" value=""/>
    <property name="native.encoding" value="Cp1252"/>
    <property name="java.library.path" value="C:\Users\badis\.p2\pool\plugins\org.eclipse.justj.openjdk.hotspot.jre.full.win32.x86_64_23.0.2.v20250131-0604\jre\bin;C:\WINDOWS\Sun\Java\bin;C:\WINDOWS\system32;C:\WINDOWS;C:/Users/badis/.p2/pool/plugins/org.eclipse.justj.openjdk.hotspot.jre.full.win32.x86_64_23.0.2.v20250131-0604/jre/bin/server;C:/Users/badis/.p2/pool/plugins/org.eclipse.justj.openjdk.hotspot.jre.full.win32.x86_64_23.0.2.v20250131-0604/jre/bin;C:\Program Files (x86)\Common Files\Oracle\Java\java8path;C:\Program Files (x86)\Common Files\Oracle\Java\javapath;C:\Program Files\Microsoft\jdk-11.0.12.7-hotspot\bin;C:\WINDOWS\system32;C:\WINDOWS;C:\WINDOWS\System32\Wbem;C:\WINDOWS\System32\WindowsPowerShell\v1.0\;C:\WINDOWS\System32\OpenSSH\;C:\Program Files\dotnet\;C:\Program Files\Microsoft SQL Server\Client SDK\ODBC\170\Tools\Binn\;C:\Program Files (x86)\Microsoft SQL Server\150\Tools\Binn\;C:\Program Files\Microsoft SQL Server\150\Tools\Binn\;C:\Program Files\Microsoft SQL Server\150\DTS\Binn\;C:\Program Files (x86)\Microsoft SQL Server\150\DTS\Binn\;C:\Program Files\Azure Data Studio\bin;C:\Program Files\Microsoft SQL Server\130\Tools\Binn\;C:\Program Files\nodejs\;C:\Users\badis\Downloads\allure-2.33.0\bin;C:\Users\badis\AppData\Local\Microsoft\WindowsApps;;C:\Users\badis\AppData\Local\Programs\Microsoft VS Code\bin;C:\Program Files\Azure Data Studio\bin;C:\Users\badis\.dotnet\tools;C:\Users\badis\AppData\Roaming\npm;C:\Users\badis\Desktop;;."/>
    <property name="java.vm.info" value="mixed mode, sharing"/>
    <property name="stderr.encoding" value="Cp1252"/>
    <property name="java.vendor" value="Eclipse Adoptium"/>
    <property name="java.vm.version" value="23.0.2+7"/>
    <property name="sun.io.unicode.encoding" value="UnicodeLittle"/>
    <property name="testng.Passed" value="6"/>
    <property name="java.class.version" value="67.0"/>
  </properties>
  <testcase name="runScenario[&quot;Creating Account&quot;, &quot;Create Account with Valid and Invalid Data&quot;](1)" classname="com.Bunnycart.TestRunner.CreateAccountTestRunner" time="25.28">
    <system-out><![CDATA[
Scenario: Creating Account                                                      # src/test/resources/com.Bunnycart.Features/CreateAccount.feature:3
  Given User opens the browser                                                  # com.Bunnycart.StepDefinition.CreateAccountStepDefinition.user_opens_the_browser()
  And User navigates to "https://www.bunnycart.com/" webpage                    # com.Bunnycart.StepDefinition.CreateAccountStepDefinition.user_navigates_to_webpage(java.lang.String)
  And User clicks on create an account button                                   # com.Bunnycart.StepDefinition.CreateAccountStepDefinition.user_clicks_on_create_an_account_button()
2025-03-24T07:14:05.186307100Z main ERROR Log4j API could not find a logging provider.
Failed to Rigister
User Rigistered Successfully
  When User enters details using Excel file and clicks on create account button # com.Bunnycart.StepDefinition.CreateAccountStepDefinition.user_enters_details_using_excel_file_and_clicks_on_create_account_button(io.cucumber.datatable.DataTable)
    | RigisterData.xlsx |
  Then User verifies the message                                                # com.Bunnycart.StepDefinition.CreateAccountStepDefinition.user_verifies_the_message()
  And User closes the browser                                                   # com.Bunnycart.StepDefinition.CreateAccountStepDefinition.user_closes_the_browser()
]]></system-out>
    <system-err><![CDATA[SLF4J: Failed to load class "org.slf4j.impl.StaticLoggerBinder".
SLF4J: Defaulting to no-operation (NOP) logger implementation
SLF4J: See http://www.slf4j.org/codes.html#StaticLoggerBinder for further details.
Mar 24, 2025 12:43:50 PM org.openqa.selenium.devtools.CdpVersionFinder findNearestMatch
WARNING: Unable to find CDP implementation matching 122
Mar 24, 2025 12:43:50 PM org.openqa.selenium.chromium.ChromiumDriver lambda$new$4
WARNING: Unable to find version of CDP to use for 122.0.6261.129. You may need to include a dependency on a specific version of the CDP using something similar to `org.seleniumhq.selenium:selenium-devtools-v86:4.29.0` where the version ("v86") matches the version of the chromium-based browser you're using and the version number of the artifact is the same as Selenium's.
]]></system-err>
  </testcase>
  <testcase name="runScenario[&quot;To sign in and add a product to cart&quot;, &quot;Login and Add to Cart&quot;](1)" classname="com.Bunnycart.TestRunner.AddToCartTestRunner" time="57.356">
    <system-out><![CDATA[==============================================================================================
Total Passed: 1(+1), Failures: 0(+0), Skips: 0(+0)
==============================================================================================

Scenario: To sign in and add a product to cart                   # src/test/resources/com.Bunnycart.Features/AddToCart.feature:18
  Given User opens the Browser                                   # com.Bunnycart.StepDefinition.AddToCartStepDefinition.user_opens_the_browser()
  And User navigates to the "https://www.bunnycart.com/" webpage # com.Bunnycart.StepDefinition.AddToCartStepDefinition.user_navigates_to_the_webpage(java.lang.String)
  Then User clicks on Sign in                                    # com.Bunnycart.StepDefinition.AddToCartStepDefinition.user_clicks_on_sign_in()
  And User enters the "saikrishnabadisa4@gmail.com" as email     # com.Bunnycart.StepDefinition.AddToCartStepDefinition.user_enters_the_as_email(java.lang.String)
  And User enters the "Test#123" as password                     # com.Bunnycart.StepDefinition.AddToCartStepDefinition.user_enters_the_as_password(java.lang.String)
  And User clicks on Sign in button                              # com.Bunnycart.StepDefinition.AddToCartStepDefinition.user_clicks_on_sign_in_button()
  And User search for a product                                  # com.Bunnycart.StepDefinition.AddToCartStepDefinition.user_search_for_a_product()
  Then User selects a product                                    # com.Bunnycart.StepDefinition.AddToCartStepDefinition.user_selects_a_product()
  And User adds the product to cart                              # com.Bunnycart.StepDefinition.AddToCartStepDefinition.user_adds_the_product_to_cart()
  And User close the browser                                     # com.Bunnycart.StepDefinition.AddToCartStepDefinition.user_closes_the_browser()
]]></system-out>
    <system-err><![CDATA[Mar 24, 2025 12:44:14 PM org.openqa.selenium.devtools.CdpVersionFinder findNearestMatch
WARNING: Unable to find CDP implementation matching 122
Mar 24, 2025 12:44:14 PM org.openqa.selenium.chromium.ChromiumDriver lambda$new$4
WARNING: Unable to find version of CDP to use for 122.0.6261.129. You may need to include a dependency on a specific version of the CDP using something similar to `org.seleniumhq.selenium:selenium-devtools-v86:4.29.0` where the version ("v86") matches the version of the chromium-based browser you're using and the version number of the artifact is the same as Selenium's.
]]></system-err>
  </testcase>
  <testcase name="runScenario[&quot;SignIn with valid and invalid details&quot;, &quot;Sign with Valid and Invalid Data&quot;](1)" classname="com.Bunnycart.TestRunner.SignInTestRunner" time="26.149">
    <system-out><![CDATA[==============================================================================================
Total Passed: 2(+1), Failures: 0(+0), Skips: 0(+0)
==============================================================================================

Scenario: SignIn with valid and invalid details                 # src/test/resources/com.Bunnycart.Features/SignIn.feature:16
  Given User open the Browser                                   # com.Bunnycart.StepDefinition.SignInStepDefinition.user_open_the_browser()
  And User navigate to the "https://www.bunnycart.com/" webpage # com.Bunnycart.StepDefinition.SignInStepDefinition.user_navigate_to_the_webpage(java.lang.String)
  And User click on Sign in                                     # com.Bunnycart.StepDefinition.SignInStepDefinition.user_click_on_sign_in()
  Then User enter the "saikrishnabadisa4@gmail.com" as email    # com.Bunnycart.StepDefinition.SignInStepDefinition.user_enter_the_as_email(java.lang.String)
  And User enter the "Test@123" as password                     # com.Bunnycart.StepDefinition.SignInStepDefinition.user_enter_the_as_password(java.lang.String)
  Then User click on Sign in button                             # com.Bunnycart.StepDefinition.SignInStepDefinition.user_click_on_sign_in_button()
Invalid login or password.
  And User verify the message                                   # com.Bunnycart.StepDefinition.SignInStepDefinition.user_verify_the_message()
  And User closes browser                                       # com.Bunnycart.StepDefinition.SignInStepDefinition.user_closes_the_browser()
]]></system-out>
    <system-err><![CDATA[Mar 24, 2025 12:45:12 PM org.openqa.selenium.devtools.CdpVersionFinder findNearestMatch
WARNING: Unable to find CDP implementation matching 122
Mar 24, 2025 12:45:12 PM org.openqa.selenium.chromium.ChromiumDriver lambda$new$4
WARNING: Unable to find version of CDP to use for 122.0.6261.129. You may need to include a dependency on a specific version of the CDP using something similar to `org.seleniumhq.selenium:selenium-devtools-v86:4.29.0` where the version ("v86") matches the version of the chromium-based browser you're using and the version number of the artifact is the same as Selenium's.
]]></system-err>
  </testcase>
  <testcase name="runScenario[&quot;SignIn with valid and invalid details&quot;, &quot;Sign with Valid and Invalid Data&quot;](2)" classname="com.Bunnycart.TestRunner.SignInTestRunner" time="31.116">
    <system-out><![CDATA[
Scenario: SignIn with valid and invalid details                 # src/test/resources/com.Bunnycart.Features/SignIn.feature:17
  Given User open the Browser                                   # com.Bunnycart.StepDefinition.SignInStepDefinition.user_open_the_browser()
  And User navigate to the "https://www.bunnycart.com/" webpage # com.Bunnycart.StepDefinition.SignInStepDefinition.user_navigate_to_the_webpage(java.lang.String)
  And User click on Sign in                                     # com.Bunnycart.StepDefinition.SignInStepDefinition.user_click_on_sign_in()
  Then User enter the "saikrishnabadisa4@gmail.com" as email    # com.Bunnycart.StepDefinition.SignInStepDefinition.user_enter_the_as_email(java.lang.String)
  And User enter the "Test#123" as password                     # com.Bunnycart.StepDefinition.SignInStepDefinition.user_enter_the_as_password(java.lang.String)
  Then User click on Sign in button                             # com.Bunnycart.StepDefinition.SignInStepDefinition.user_click_on_sign_in_button()
Login Successful
  And User verify the message                                   # com.Bunnycart.StepDefinition.SignInStepDefinition.user_verify_the_message()
  And User closes browser                                       # com.Bunnycart.StepDefinition.SignInStepDefinition.user_closes_the_browser()
]]></system-out>
    <system-err><![CDATA[Mar 24, 2025 12:45:38 PM org.openqa.selenium.devtools.CdpVersionFinder findNearestMatch
WARNING: Unable to find CDP implementation matching 122
Mar 24, 2025 12:45:38 PM org.openqa.selenium.chromium.ChromiumDriver lambda$new$4
WARNING: Unable to find version of CDP to use for 122.0.6261.129. You may need to include a dependency on a specific version of the CDP using something similar to `org.seleniumhq.selenium:selenium-devtools-v86:4.29.0` where the version ("v86") matches the version of the chromium-based browser you're using and the version number of the artifact is the same as Selenium's.
]]></system-err>
  </testcase>
  <testcase name="runScenario[&quot;Add Multiple Products to cart&quot;, &quot;Adding Multiple Products to cart&quot;](1)" classname="com.Bunnycart.TestRunner.AddMultipleProductsToCartTestRunner" time="74.15">
    <system-out><![CDATA[==============================================================================================
Total Passed: 4(+2), Failures: 0(+0), Skips: 0(+0)
==============================================================================================

Scenario: Add Multiple Products to cart                          # src/test/resources/com.Bunnycart.Features/AddingMultipleProductsToCart.feature:22
  Given User opens the Browser                                   # com.Bunnycart.StepDefinition.AddToCartStepDefinition.user_opens_the_browser()
  And User navigates to the "https://www.bunnycart.com/" webpage # com.Bunnycart.StepDefinition.AddToCartStepDefinition.user_navigates_to_the_webpage(java.lang.String)
  And User clicks on signin                                      # com.Bunnycart.StepDefinition.AddMultipleProductsToCartStepDefinition.user_clicks_on_sign_in()
  And User enters valid 'saikrishnabadisa4@gmail.com' email      # com.Bunnycart.StepDefinition.AddMultipleProductsToCartStepDefinition.user_enters_valid_email(java.lang.String)
  And User enters valid 'Test#123' password                      # com.Bunnycart.StepDefinition.AddMultipleProductsToCartStepDefinition.user_enters_valid_password(java.lang.String)
  And User click on signin button                                # com.Bunnycart.StepDefinition.AddMultipleProductsToCartStepDefinition.user_click_on_sign_in_button()
  When User Search for product1 "Aquatic" in search textbox      # com.Bunnycart.StepDefinition.AddMultipleProductsToCartStepDefinition.user_search_for_product1_in_search_textbox(java.lang.String)
  And User select product1 from the search results               # com.Bunnycart.StepDefinition.AddMultipleProductsToCartStepDefinition.user_select_product1_from_the_search_results()
  And User click on Add to cart for product1                     # com.Bunnycart.StepDefinition.AddMultipleProductsToCartStepDefinition.user_click_on_add_to_cart_for_product1()
  When User Search for product2 "Money" in search textbox        # com.Bunnycart.StepDefinition.AddMultipleProductsToCartStepDefinition.user_search_for_product2_in_search_textbox(java.lang.String)
  And User select product2 from the search results               # com.Bunnycart.StepDefinition.AddMultipleProductsToCartStepDefinition.user_select_product2_from_the_search_results()
  And User selects type of the product2                          # com.Bunnycart.StepDefinition.AddMultipleProductsToCartStepDefinition.user_selects_type_of_the_product2()
  And User click on Add to cart for product2                     # com.Bunnycart.StepDefinition.AddMultipleProductsToCartStepDefinition.user_click_on_add_to_cart_for_product2()
  And User closes the Browser                                    # com.Bunnycart.StepDefinition.AddMultipleProductsToCartStepDefinition.user_closes_the_browser()
]]></system-out>
    <system-err><![CDATA[Mar 24, 2025 12:46:09 PM org.openqa.selenium.devtools.CdpVersionFinder findNearestMatch
WARNING: Unable to find CDP implementation matching 122
Mar 24, 2025 12:46:09 PM org.openqa.selenium.chromium.ChromiumDriver lambda$new$4
WARNING: Unable to find version of CDP to use for 122.0.6261.129. You may need to include a dependency on a specific version of the CDP using something similar to `org.seleniumhq.selenium:selenium-devtools-v86:4.29.0` where the version ("v86") matches the version of the chromium-based browser you're using and the version number of the artifact is the same as Selenium's.
]]></system-err>
  </testcase>
  <testcase name="runScenario[&quot;To check sign out and verfy session ends&quot;, &quot;Unknown&quot;](1)" classname="com.Bunnycart.TestRunner.LogOutTestRunner" time="27.154">
    <system-out><![CDATA[==============================================================================================
Total Passed: 5(+1), Failures: 0(+0), Skips: 0(+0)
==============================================================================================

Scenario: To check sign out and verfy session ends               # src/test/resources/com.Bunnycart.Features/LogOut.feature:15
  Given User opens the Browser                                   # com.Bunnycart.StepDefinition.AddToCartStepDefinition.user_opens_the_browser()
  And User navigates to the "https://www.bunnycart.com/" webpage # com.Bunnycart.StepDefinition.AddToCartStepDefinition.user_navigates_to_the_webpage(java.lang.String)
  And User click on sign in                                      # com.Bunnycart.StepDefinition.LogOutStepDefinition.user_click_on_sign_in()
  And User enters valid 'saikrishnabadisa4@gmail.com' email      # com.Bunnycart.StepDefinition.AddMultipleProductsToCartStepDefinition.user_enters_valid_email(java.lang.String)
  And User enters valid 'Test#123' password                      # com.Bunnycart.StepDefinition.AddMultipleProductsToCartStepDefinition.user_enters_valid_password(java.lang.String)
  And User click on sign in button                               # com.Bunnycart.StepDefinition.LogOutStepDefinition.user_click_on_sign_in_button()
  And User click on signOut button                               # com.Bunnycart.StepDefinition.LogOutStepDefinition.user_click_on_signOut_button()
Session Ended
  And User verifies the seession ends                            # com.Bunnycart.StepDefinition.LogOutStepDefinition.user_verifies_the_seession_ends()
  And User close browser                                         # com.Bunnycart.StepDefinition.LogOutStepDefinition.user_closes_the_browser()
]]></system-out>
    <system-err><![CDATA[Mar 24, 2025 12:47:23 PM org.openqa.selenium.devtools.CdpVersionFinder findNearestMatch
WARNING: Unable to find CDP implementation matching 122
Mar 24, 2025 12:47:23 PM org.openqa.selenium.chromium.ChromiumDriver lambda$new$4
WARNING: Unable to find version of CDP to use for 122.0.6261.129. You may need to include a dependency on a specific version of the CDP using something similar to `org.seleniumhq.selenium:selenium-devtools-v86:4.29.0` where the version ("v86") matches the version of the chromium-based browser you're using and the version number of the artifact is the same as Selenium's.
]]></system-err>
  </testcase>
</testsuite>